<?xml version="1.0" encoding="UTF-8"?>
<!-- Generated by org.testng.reporters.JUnitReportReporter -->
<testsuite hostname="DESKTOP-8KVIBC9" failures="0" tests="2" name="test.TestDashboardPage" time="5.040" errors="0" timestamp="09 Oct 2021 22:03:20 GMT" skipped="0">
  <testcase classname="test.TestDashboardPage" name="successfulTestingFooter" time="3.765"/>
  <testcase classname="test.TestDashboardPage" name="successfulMenuItems" time="1.275"/>
</testsuite> <!-- test.TestDashboardPage -->
