<?xml version="1.0" encoding="UTF-8"?>
<!-- Generated by org.testng.reporters.JUnitReportReporter -->
<testsuite hostname="DESKTOP-8KVIBC9" failures="0" tests="2" name="test.TestLoginPage" time="4.910" errors="0" timestamp="08 Oct 2021 23:43:44 GMT" skipped="0">
  <testcase classname="test.TestLoginPage" name="successfulGoToLoginPage" time="2.579"/>
  <testcase classname="test.TestLoginPage" name="successfulLogin" time="2.331"/>
</testsuite> <!-- test.TestLoginPage -->
